#
# There is insufficient memory for the Java Runtime Environment to continue.
# Native memory allocation (malloc) failed to allocate 1048576 bytes for AllocateHeap
# Possible reasons:
#   The system is out of physical RAM or swap space
#   The process is running with CompressedOops enabled, and the Java Heap may be blocking the growth of the native heap
# Possible solutions:
#   Reduce memory load on the system
#   Increase physical memory or swap space
#   Check if swap backing store is full
#   Decrease Java heap size (-Xmx/-Xms)
#   Decrease number of Java threads
#

Native frames: (J=compiled Java code, j=interpreted, Vv=VM code, C=native code)
V  [jvm.dll+0x5ecfaa]
V  [jvm.dll+0x722bd5]
V  [jvm.dll+0x72412d]
V  [jvm.dll+0x724745]
V  [jvm.dll+0x7246fb]
V  [jvm.dll+0x5ec348]
V  [jvm.dll+0x5ecad8]
C  [ntdll.dll+0xa20cf]
C  [ntdll.dll+0x51454]
C  [ntdll.dll+0xa0bfe]
C  0x000002c185b90f2d

VM_Operation (0x000000f6c00f1300): CollectForMetadataAllocation, mode: safepoint, requested by thread 0x000002c19dbcc000


---------------  P R O C E S S  ---------------

Threads class SMR info:
_java_thread_list=0x000002c19f955fb0, length=42, elements={
0x000002c1808ad000, 0x000002c19c3f0000, 0x000002c19c3f1000, 0x000002c19cd82800,
0x000002c19c408800, 0x000002c19c40b000, 0x000002c19c40f000, 0x000002c19c43c000,
0x000002c19cdc0000, 0x000002c19ceb3000, 0x000002c19d3c3000, 0x000002c19f35c800,
0x000002c19e5a4800, 0x000002c19dc5b800, 0x000002c19cf5f000, 0x000002c19dbcb800,
0x000002c19dbcc000, 0x000002c19f845800, 0x000002c19ebc8800, 0x000002c19d29a000,
0x000002c19d296000, 0x000002c19d297000, 0x000002c19d298800, 0x000002c19d29b000,
0x000002c19d297800, 0x000002c19d299000, 0x000002c19d295000, 0x000002c19d29b800,
0x000002c1a0fcd000, 0x000002c1a0fcb800, 0x000002c1a0fc7800, 0x000002c1a0fc9800,
0x000002c1a0fca800, 0x000002c1a0fc8000, 0x000002c1a0fcc000, 0x000002c1a0fc9000,
0x000002c1a0fd0800, 0x000002c1a0fd1000, 0x000002c1a0fd3800, 0x000002c1a0fd2000,
0x000002c1a0fd2800, 0x000002c1a0fd4800
}

Java Threads: ( => current thread )
  0x000002c1808ad000 JavaThread "main" [_thread_blocked, id=12700, stack(0x000000f6be700000,0x000000f6be800000)]
  0x000002c19c3f0000 JavaThread "Reference Handler" daemon [_thread_blocked, id=9944, stack(0x000000f6bee00000,0x000000f6bef00000)]
  0x000002c19c3f1000 JavaThread "Finalizer" daemon [_thread_blocked, id=15900, stack(0x000000f6bef00000,0x000000f6bf000000)]
  0x000002c19cd82800 JavaThread "Signal Dispatcher" daemon [_thread_blocked, id=4124, stack(0x000000f6bf000000,0x000000f6bf100000)]
  0x000002c19c408800 JavaThread "Attach Listener" daemon [_thread_blocked, id=2812, stack(0x000000f6bf100000,0x000000f6bf200000)]
  0x000002c19c40b000 JavaThread "Service Thread" daemon [_thread_blocked, id=9668, stack(0x000000f6bf200000,0x000000f6bf300000)]
  0x000002c19c40f000 JavaThread "C2 CompilerThread0" daemon [_thread_blocked, id=1368, stack(0x000000f6bf300000,0x000000f6bf400000)]
  0x000002c19c43c000 JavaThread "C1 CompilerThread0" daemon [_thread_blocked, id=6220, stack(0x000000f6bf400000,0x000000f6bf500000)]
  0x000002c19cdc0000 JavaThread "Sweeper thread" daemon [_thread_blocked, id=10004, stack(0x000000f6bf500000,0x000000f6bf600000)]
  0x000002c19ceb3000 JavaThread "Common-Cleaner" daemon [_thread_blocked, id=12956, stack(0x000000f6bf600000,0x000000f6bf700000)]
  0x000002c19d3c3000 JavaThread "Daemon health stats" [_thread_blocked, id=13048, stack(0x000000f6bfa00000,0x000000f6bfb00000)]
  0x000002c19f35c800 JavaThread "Incoming local TCP Connector on port 50791" [_thread_in_native, id=12836, stack(0x000000f6bfb00000,0x000000f6bfc00000)]
  0x000002c19e5a4800 JavaThread "Daemon periodic checks" [_thread_blocked, id=4908, stack(0x000000f6bfc00000,0x000000f6bfd00000)]
  0x000002c19dc5b800 JavaThread "Daemon" [_thread_blocked, id=13112, stack(0x000000f6bfd00000,0x000000f6bfe00000)]
  0x000002c19cf5f000 JavaThread "Handler for socket connection from /127.0.0.1:50791 to /127.0.0.1:61413" [_thread_in_native, id=5340, stack(0x000000f6bfe00000,0x000000f6bff00000)]
  0x000002c19dbcb800 JavaThread "Cancel handler" [_thread_blocked, id=16284, stack(0x000000f6bff00000,0x000000f6c0000000)]
  0x000002c19dbcc000 JavaThread "Daemon worker" [_thread_blocked, id=16824, stack(0x000000f6c0000000,0x000000f6c0100000)]
  0x000002c19f845800 JavaThread "Asynchronous log dispatcher for DefaultDaemonConnection: socket connection from /127.0.0.1:50791 to /127.0.0.1:61413" [_thread_blocked, id=13452, stack(0x000000f6c0100000,0x000000f6c0200000)]
  0x000002c19ebc8800 JavaThread "Stdin handler" [_thread_blocked, id=2792, stack(0x000000f6c0200000,0x000000f6c0300000)]
  0x000002c19d29a000 JavaThread "Daemon client event forwarder" [_thread_blocked, id=13336, stack(0x000000f6c0300000,0x000000f6c0400000)]
  0x000002c19d296000 JavaThread "Cache worker for file hash cache (C:\Users\65965\.gradle\caches\7.0.2\fileHashes)" [_thread_blocked, id=7956, stack(0x000000f6c0400000,0x000000f6c0500000)]
  0x000002c19d297000 JavaThread "File lock request listener" [_thread_in_native, id=8812, stack(0x000000f6c0500000,0x000000f6c0600000)]
  0x000002c19d298800 JavaThread "Cache worker for journal cache (C:\Users\65965\.gradle\caches\journal-1)" [_thread_blocked, id=13196, stack(0x000000f6c0700000,0x000000f6c0800000)]
  0x000002c19d29b000 JavaThread "Cache worker for file hash cache (D:\project naira\GithubAppp\.gradle\7.0.2\fileHashes)" [_thread_blocked, id=12272, stack(0x000000f6c0800000,0x000000f6c0900000)]
  0x000002c19d297800 JavaThread "File watcher server" daemon [_thread_in_native, id=416, stack(0x000000f6c0900000,0x000000f6c0a00000)]
  0x000002c19d299000 JavaThread "File watcher consumer" daemon [_thread_blocked, id=16216, stack(0x000000f6c0a00000,0x000000f6c0b00000)]
  0x000002c19d295000 JavaThread "jar transforms" [_thread_blocked, id=6260, stack(0x000000f6c0b00000,0x000000f6c0c00000)]
  0x000002c19d29b800 JavaThread "jar transforms Thread 2" [_thread_blocked, id=7908, stack(0x000000f6c0c00000,0x000000f6c0d00000)]
  0x000002c1a0fcd000 JavaThread "jar transforms Thread 3" [_thread_blocked, id=15408, stack(0x000000f6c0d00000,0x000000f6c0e00000)]
  0x000002c1a0fcb800 JavaThread "jar transforms Thread 4" [_thread_blocked, id=2108, stack(0x000000f6c0e00000,0x000000f6c0f00000)]
  0x000002c1a0fc7800 JavaThread "Cache worker for checksums cache (D:\project naira\GithubAppp\.gradle\checksums)" [_thread_blocked, id=11880, stack(0x000000f6c0f00000,0x000000f6c1000000)]
  0x000002c1a0fc9800 JavaThread "Cache worker for cache directory md-supplier (C:\Users\65965\.gradle\caches\7.0.2\md-supplier)" [_thread_blocked, id=8520, stack(0x000000f6c1000000,0x000000f6c1100000)]
  0x000002c1a0fca800 JavaThread "Cache worker for cache directory md-rule (C:\Users\65965\.gradle\caches\7.0.2\md-rule)" [_thread_blocked, id=11228, stack(0x000000f6c1100000,0x000000f6c1200000)]
  0x000002c1a0fc8000 JavaThread "Cache worker for execution history cache (C:\Users\65965\.gradle\caches\7.0.2\executionHistory)" [_thread_blocked, id=5964, stack(0x000000f6c1200000,0x000000f6c1300000)]
  0x000002c1a0fcc000 JavaThread "Cache worker for file content cache (C:\Users\65965\.gradle\caches\7.0.2\fileContent)" [_thread_blocked, id=11312, stack(0x000000f6c1400000,0x000000f6c1500000)]
  0x000002c1a0fc9000 JavaThread "Cache worker for dependencies-accessors (D:\project naira\GithubAppp\.gradle\7.0.2\dependencies-accessors)" [_thread_blocked, id=2764, stack(0x000000f6c1300000,0x000000f6c1400000)]
  0x000002c1a0fd0800 JavaThread "Cache worker for Build Output Cleanup Cache (D:\project naira\GithubAppp\.gradle\buildOutputCleanup)" [_thread_blocked, id=8648, stack(0x000000f6be600000,0x000000f6be700000)]
  0x000002c1a0fd1000 JavaThread "Build operations" [_thread_blocked, id=15876, stack(0x000000f6c1500000,0x000000f6c1600000)]
  0x000002c1a0fd3800 JavaThread "Build operations Thread 2" [_thread_blocked, id=5228, stack(0x000000f6c1600000,0x000000f6c1700000)]
  0x000002c1a0fd2000 JavaThread "Build operations Thread 3" [_thread_blocked, id=5604, stack(0x000000f6c1700000,0x000000f6c1800000)]
  0x000002c1a0fd2800 JavaThread "Build operations Thread 4" [_thread_blocked, id=12968, stack(0x000000f6c1800000,0x000000f6c1900000)]
  0x000002c1a0fd4800 JavaThread "Memory manager" [_thread_blocked, id=1168, stack(0x000000f6c1b00000,0x000000f6c1c00000)]

Other Threads:
=>0x000002c19c3e7800 VMThread "VM Thread" [stack: 0x000000f6bed00000,0x000000f6bee00000] [id=10148]
  0x000002c19ceb4800 WatcherThread [stack: 0x000000f6bf700000,0x000000f6bf800000] [id=14412]
  0x000002c1808c6800 GCTaskThread "GC Thread#0" [stack: 0x000000f6be800000,0x000000f6be900000] [id=16548]
  0x000002c19d795800 GCTaskThread "GC Thread#1" [stack: 0x000000f6bf800000,0x000000f6bf900000] [id=15008]
  0x000002c19d796000 GCTaskThread "GC Thread#2" [stack: 0x000000f6bf900000,0x000000f6bfa00000] [id=14492]
  0x000002c19e868000 GCTaskThread "GC Thread#3" [stack: 0x000000f6c0600000,0x000000f6c0700000] [id=768]
  0x000002c1808f6800 ConcurrentGCThread "G1 Main Marker" [stack: 0x000000f6be900000,0x000000f6bea00000] [id=8136]
  0x000002c1808f9000 ConcurrentGCThread "G1 Conc#0" [stack: 0x000000f6bea00000,0x000000f6beb00000] [id=2312]
  0x000002c180987800 ConcurrentGCThread "G1 Refine#0" [stack: 0x000000f6beb00000,0x000000f6bec00000] [id=9156]
  0x000002c180988800 ConcurrentGCThread "G1 Young RemSet Sampling" [stack: 0x000000f6bec00000,0x000000f6bed00000] [id=5064]

Threads with active compile tasks:

VM state:at safepoint (normal execution)

VM Mutex/Monitor currently owned by a thread:  ([mutex/lock_event])
[0x000002c1808a8ba0] Threads_lock - owner thread: 0x000002c19c3e7800
[0x000002c1808a8450] Heap_lock - owner thread: 0x000002c19dbcc000

Heap address: 0x0000000080000000, size: 2048 MB, Compressed Oops mode: 32-bit
Narrow klass base: 0x0000000000000000, Narrow klass shift: 3
Compressed class space size: 1073741824 Address: 0x0000000100000000

Heap:
 garbage-first heap   total 131072K, used 104206K [0x0000000080000000, 0x0000000100000000)
  region size 1024K, 2 young (2048K), 2 survivors (2048K)
 Metaspace       used 97767K, capacity 100168K, committed 100224K, reserved 1144832K
  class space    used 12542K, capacity 13412K, committed 13440K, reserved 1048576K
Heap Regions: E=young(eden), S=young(survivor), O=old, HS=humongous(starts), HC=humongous(continues), CS=collection set, F=free, A=archive, TAMS=top-at-mark-start (previous, next)
|   0|0x0000000080000000, 0x0000000080100000, 0x0000000080100000|100%| O|  |TAMS 0x0000000080100000, 0x0000000080100000| Untracked 
|   1|0x0000000080100000, 0x0000000080200000, 0x0000000080200000|100%| O|  |TAMS 0x0000000080200000, 0x0000000080200000| Untracked 
|   2|0x0000000080200000, 0x0000000080300000, 0x0000000080300000|100%| O|  |TAMS 0x0000000080300000, 0x0000000080300000| Untracked 
|   3|0x0000000080300000, 0x0000000080400000, 0x0000000080400000|100%|HS|  |TAMS 0x0000000080400000, 0x0000000080400000| Complete 
|   4|0x0000000080400000, 0x0000000080500000, 0x0000000080500000|100%|HC|  |TAMS 0x0000000080500000, 0x0000000080500000| Complete 
|   5|0x0000000080500000, 0x0000000080600000, 0x0000000080600000|100%|HC|  |TAMS 0x0000000080600000, 0x0000000080600000| Complete 
|   6|0x0000000080600000, 0x0000000080700000, 0x0000000080700000|100%| O|  |TAMS 0x0000000080700000, 0x0000000080700000| Untracked 
|   7|0x0000000080700000, 0x0000000080800000, 0x0000000080800000|100%| O|  |TAMS 0x0000000080800000, 0x0000000080800000| Untracked 
|   8|0x0000000080800000, 0x0000000080900000, 0x0000000080900000|100%| O|  |TAMS 0x0000000080900000, 0x0000000080900000| Untracked 
|   9|0x0000000080900000, 0x0000000080a00000, 0x0000000080a00000|100%|HS|  |TAMS 0x0000000080a00000, 0x0000000080a00000| Complete 
|  10|0x0000000080a00000, 0x0000000080b00000, 0x0000000080b00000|100%|HC|  |TAMS 0x0000000080b00000, 0x0000000080b00000| Complete 
|  11|0x0000000080b00000, 0x0000000080c00000, 0x0000000080c00000|100%|HS|  |TAMS 0x0000000080c00000, 0x0000000080c00000| Complete 
|  12|0x0000000080c00000, 0x0000000080d00000, 0x0000000080d00000|100%|HC|  |TAMS 0x0000000080d00000, 0x0000000080d00000| Complete 
|  13|0x0000000080d00000, 0x0000000080e00000, 0x0000000080e00000|100%|HC|  |TAMS 0x0000000080e00000, 0x0000000080e00000| Complete 
|  14|0x0000000080e00000, 0x0000000080f00000, 0x0000000080f00000|100%|HS|  |TAMS 0x0000000080f00000, 0x0000000080f00000| Complete 
|  15|0x0000000080f00000, 0x0000000081000000, 0x0000000081000000|100%|HC|  |TAMS 0x0000000081000000, 0x0000000081000000| Complete 
|  16|0x0000000081000000, 0x0000000081100000, 0x0000000081100000|100%|HC|  |TAMS 0x0000000081100000, 0x0000000081100000| Complete 
|  17|0x0000000081100000, 0x0000000081200000, 0x0000000081200000|100%|HC|  |TAMS 0x0000000081200000, 0x0000000081200000| Complete 
|  18|0x0000000081200000, 0x0000000081300000, 0x0000000081300000|100%|HC|  |TAMS 0x0000000081300000, 0x0000000081300000| Complete 
|  19|0x0000000081300000, 0x0000000081400000, 0x0000000081400000|100%| O|  |TAMS 0x0000000081400000, 0x0000000081400000| Untracked 
|  20|0x0000000081400000, 0x0000000081500000, 0x0000000081500000|100%| O|  |TAMS 0x0000000081500000, 0x0000000081500000| Untracked 
|  21|0x0000000081500000, 0x0000000081600000, 0x0000000081600000|100%| O|  |TAMS 0x0000000081600000, 0x0000000081600000| Untracked 
|  22|0x0000000081600000, 0x0000000081700000, 0x0000000081700000|100%| O|  |TAMS 0x0000000081700000, 0x0000000081700000| Untracked 
|  23|0x0000000081700000, 0x0000000081800000, 0x0000000081800000|100%| O|  |TAMS 0x0000000081800000, 0x0000000081800000| Untracked 
|  24|0x0000000081800000, 0x0000000081900000, 0x0000000081900000|100%| O|  |TAMS 0x0000000081900000, 0x0000000081900000| Untracked 
|  25|0x0000000081900000, 0x0000000081a00000, 0x0000000081a00000|100%| O|  |TAMS 0x0000000081a00000, 0x0000000081a00000| Untracked 
|  26|0x0000000081a00000, 0x0000000081b00000, 0x0000000081b00000|100%| O|  |TAMS 0x0000000081b00000, 0x0000000081b00000| Untracked 
|  27|0x0000000081b00000, 0x0000000081c00000, 0x0000000081c00000|100%| O|  |TAMS 0x0000000081c00000, 0x0000000081c00000| Untracked 
|  28|0x0000000081c00000, 0x0000000081d00000, 0x0000000081d00000|100%| O|  |TAMS 0x0000000081d00000, 0x0000000081d00000| Untracked 
|  29|0x0000000081d00000, 0x0000000081e00000, 0x0000000081e00000|100%| O|  |TAMS 0x0000000081e00000, 0x0000000081e00000| Untracked 
|  30|0x0000000081e00000, 0x0000000081f00000, 0x0000000081f00000|100%| O|  |TAMS 0x0000000081f00000, 0x0000000081f00000| Untracked 
|  31|0x0000000081f00000, 0x0000000082000000, 0x0000000082000000|100%| O|  |TAMS 0x0000000082000000, 0x0000000082000000| Untracked 
|  32|0x0000000082000000, 0x0000000082100000, 0x0000000082100000|100%|HS|  |TAMS 0x0000000082100000, 0x0000000082100000| Complete 
|  33|0x0000000082100000, 0x0000000082200000, 0x0000000082200000|100%|HC|  |TAMS 0x0000000082200000, 0x0000000082200000| Complete 
|  34|0x0000000082200000, 0x0000000082300000, 0x0000000082300000|100%|HC|  |TAMS 0x0000000082300000, 0x0000000082300000| Complete 
|  35|0x0000000082300000, 0x0000000082400000, 0x0000000082400000|100%|HC|  |TAMS 0x0000000082400000, 0x0000000082400000| Complete 
|  36|0x0000000082400000, 0x0000000082500000, 0x0000000082500000|100%|HC|  |TAMS 0x0000000082500000, 0x0000000082500000| Complete 
|  37|0x0000000082500000, 0x0000000082600000, 0x0000000082600000|100%|HS|  |TAMS 0x0000000082600000, 0x0000000082600000| Complete 
|  38|0x0000000082600000, 0x0000000082700000, 0x0000000082700000|100%|HC|  |TAMS 0x0000000082700000, 0x0000000082700000| Complete 
|  39|0x0000000082700000, 0x0000000082800000, 0x0000000082800000|100%|HC|  |TAMS 0x0000000082800000, 0x0000000082800000| Complete 
|  40|0x0000000082800000, 0x0000000082900000, 0x0000000082900000|100%| O|  |TAMS 0x0000000082900000, 0x0000000082900000| Untracked 
|  41|0x0000000082900000, 0x0000000082a00000, 0x0000000082a00000|100%| O|  |TAMS 0x0000000082a00000, 0x0000000082a00000| Untracked 
|  42|0x0000000082a00000, 0x0000000082b00000, 0x0000000082b00000|100%| O|  |TAMS 0x0000000082b00000, 0x0000000082b00000| Untracked 
|  43|0x0000000082b00000, 0x0000000082c00000, 0x0000000082c00000|100%| O|  |TAMS 0x0000000082c00000, 0x0000000082c00000| Untracked 
|  44|0x0000000082c00000, 0x0000000082d00000, 0x0000000082d00000|100%| O|  |TAMS 0x0000000082d00000, 0x0000000082d00000| Untracked 
|  45|0x0000000082d00000, 0x0000000082e00000, 0x0000000082e00000|100%| O|  |TAMS 0x0000000082e00000, 0x0000000082e00000| Untracked 
|  46|0x0000000082e00000, 0x0000000082f00000, 0x0000000082f00000|100%| O|  |TAMS 0x0000000082f00000, 0x0000000082f00000| Untracked 
|  47|0x0000000082f00000, 0x0000000083000000, 0x0000000083000000|100%| O|  |TAMS 0x0000000083000000, 0x0000000083000000| Untracked 
|  48|0x0000000083000000, 0x0000000083100000, 0x0000000083100000|100%| O|  |TAMS 0x0000000083100000, 0x0000000083100000| Untracked 
|  49|0x0000000083100000, 0x0000000083200000, 0x0000000083200000|100%| O|  |TAMS 0x0000000083200000, 0x0000000083200000| Untracked 
|  50|0x0000000083200000, 0x0000000083300000, 0x0000000083300000|100%| O|  |TAMS 0x0000000083300000, 0x0000000083300000| Untracked 
|  51|0x0000000083300000, 0x0000000083400000, 0x0000000083400000|100%| O|  |TAMS 0x0000000083400000, 0x0000000083400000| Untracked 
|  52|0x0000000083400000, 0x0000000083500000, 0x0000000083500000|100%|HS|  |TAMS 0x0000000083500000, 0x0000000083500000| Complete 
|  53|0x0000000083500000, 0x0000000083600000, 0x0000000083600000|100%|HS|  |TAMS 0x0000000083600000, 0x0000000083600000| Complete 
|  54|0x0000000083600000, 0x0000000083700000, 0x0000000083700000|100%|HS|  |TAMS 0x0000000083700000, 0x0000000083700000| Complete 
|  55|0x0000000083700000, 0x0000000083800000, 0x0000000083800000|100%| O|  |TAMS 0x0000000083800000, 0x0000000083800000| Untracked 
|  56|0x0000000083800000, 0x0000000083900000, 0x0000000083900000|100%|HS|  |TAMS 0x0000000083900000, 0x0000000083900000| Complete 
|  57|0x0000000083900000, 0x0000000083a00000, 0x0000000083a00000|100%|HC|  |TAMS 0x0000000083a00000, 0x0000000083a00000| Complete 
|  58|0x0000000083a00000, 0x0000000083b00000, 0x0000000083b00000|100%|HC|  |TAMS 0x0000000083b00000, 0x0000000083b00000| Complete 
|  59|0x0000000083b00000, 0x0000000083c00000, 0x0000000083c00000|100%| O|  |TAMS 0x0000000083c00000, 0x0000000083c00000| Untracked 
|  60|0x0000000083c00000, 0x0000000083d00000, 0x0000000083d00000|100%| O|  |TAMS 0x0000000083d00000, 0x0000000083d00000| Untracked 
|  61|0x0000000083d00000, 0x0000000083e00000, 0x0000000083e00000|100%| O|  |TAMS 0x0000000083e00000, 0x0000000083e00000| Untracked 
|  62|0x0000000083e00000, 0x0000000083f00000, 0x0000000083f00000|100%| O|  |TAMS 0x0000000083f00000, 0x0000000083f00000| Untracked 
|  63|0x0000000083f00000, 0x0000000084000000, 0x0000000084000000|100%| O|  |TAMS 0x0000000084000000, 0x0000000084000000| Untracked 
|  64|0x0000000084000000, 0x0000000084100000, 0x0000000084100000|100%| O|  |TAMS 0x0000000084100000, 0x0000000084100000| Untracked 
|  65|0x0000000084100000, 0x0000000084200000, 0x0000000084200000|100%| O|  |TAMS 0x0000000084200000, 0x0000000084200000| Untracked 
|  66|0x0000000084200000, 0x0000000084300000, 0x0000000084300000|100%|HS|  |TAMS 0x0000000084300000, 0x0000000084300000| Complete 
|  67|0x0000000084300000, 0x0000000084400000, 0x0000000084400000|100%|HC|  |TAMS 0x0000000084400000, 0x0000000084400000| Complete 
|  68|0x0000000084400000, 0x0000000084500000, 0x0000000084500000|100%| O|  |TAMS 0x0000000084500000, 0x0000000084500000| Untracked 
|  69|0x0000000084500000, 0x0000000084600000, 0x0000000084600000|100%| O|  |TAMS 0x0000000084600000, 0x0000000084600000| Untracked 
|  70|0x0000000084600000, 0x0000000084700000, 0x0000000084700000|100%| O|  |TAMS 0x0000000084700000, 0x0000000084700000| Untracked 
|  71|0x0000000084700000, 0x0000000084800000, 0x0000000084800000|100%| O|  |TAMS 0x0000000084800000, 0x0000000084800000| Untracked 
|  72|0x0000000084800000, 0x0000000084900000, 0x0000000084900000|100%| O|  |TAMS 0x0000000084900000, 0x0000000084900000| Untracked 
|  73|0x0000000084900000, 0x0000000084a00000, 0x0000000084a00000|100%| O|  |TAMS 0x0000000084a00000, 0x0000000084a00000| Untracked 
|  74|0x0000000084a00000, 0x0000000084b00000, 0x0000000084b00000|100%| O|  |TAMS 0x0000000084b00000, 0x0000000084b00000| Untracked 
|  75|0x0000000084b00000, 0x0000000084c00000, 0x0000000084c00000|100%| O|  |TAMS 0x0000000084c00000, 0x0000000084c00000| Untracked 
|  76|0x0000000084c00000, 0x0000000084d00000, 0x0000000084d00000|100%| O|  |TAMS 0x0000000084d00000, 0x0000000084d00000| Untracked 
|  77|0x0000000084d00000, 0x0000000084e00000, 0x0000000084e00000|100%| O|  |TAMS 0x0000000084e00000, 0x0000000084e00000| Untracked 
|  78|0x0000000084e00000, 0x0000000084f00000, 0x0000000084f00000|100%| O|  |TAMS 0x0000000084f00000, 0x0000000084f00000| Untracked 
|  79|0x0000000084f00000, 0x0000000085000000, 0x0000000085000000|100%| O|  |TAMS 0x0000000085000000, 0x0000000085000000| Untracked 
|  80|0x0000000085000000, 0x0000000085100000, 0x0000000085100000|100%| O|  |TAMS 0x0000000085100000, 0x0000000085100000| Untracked 
|  81|0x0000000085100000, 0x0000000085200000, 0x0000000085200000|100%| O|  |TAMS 0x0000000085200000, 0x0000000085200000| Untracked 
|  82|0x0000000085200000, 0x0000000085300000, 0x0000000085300000|100%| O|  |TAMS 0x0000000085300000, 0x0000000085300000| Untracked 
|  83|0x0000000085300000, 0x0000000085400000, 0x0000000085400000|100%| O|  |TAMS 0x0000000085400000, 0x0000000085400000| Untracked 
|  84|0x0000000085400000, 0x0000000085500000, 0x0000000085500000|100%| O|  |TAMS 0x0000000085500000, 0x0000000085500000| Untracked 
|  85|0x0000000085500000, 0x0000000085600000, 0x0000000085600000|100%| O|  |TAMS 0x0000000085600000, 0x0000000085600000| Untracked 
|  86|0x0000000085600000, 0x0000000085700000, 0x0000000085700000|100%| O|  |TAMS 0x0000000085700000, 0x0000000085700000| Untracked 
|  87|0x0000000085700000, 0x0000000085800000, 0x0000000085800000|100%| O|  |TAMS 0x0000000085800000, 0x0000000085800000| Untracked 
|  88|0x0000000085800000, 0x0000000085900000, 0x0000000085900000|100%| O|  |TAMS 0x0000000085900000, 0x0000000085900000| Untracked 
|  89|0x0000000085900000, 0x0000000085a00000, 0x0000000085a00000|100%| O|  |TAMS 0x0000000085a00000, 0x0000000085a00000| Untracked 
|  90|0x0000000085a00000, 0x0000000085b00000, 0x0000000085b00000|100%| O|  |TAMS 0x0000000085b00000, 0x0000000085b00000| Untracked 
|  91|0x0000000085b00000, 0x0000000085c00000, 0x0000000085c00000|100%| O|  |TAMS 0x0000000085c00000, 0x0000000085c00000| Untracked 
|  92|0x0000000085c00000, 0x0000000085d00000, 0x0000000085d00000|100%| O|  |TAMS 0x0000000085d00000, 0x0000000085d00000| Untracked 
|  93|0x0000000085d00000, 0x0000000085e00000, 0x0000000085e00000|100%| O|  |TAMS 0x0000000085e00000, 0x0000000085e00000| Untracked 
|  94|0x0000000085e00000, 0x0000000085f00000, 0x0000000085f00000|100%| O|  |TAMS 0x0000000085f00000, 0x0000000085f00000| Untracked 
|  95|0x0000000085f00000, 0x0000000086000000, 0x0000000086000000|100%| O|  |TAMS 0x0000000086000000, 0x0000000086000000| Untracked 
|  96|0x0000000086000000, 0x0000000086100000, 0x0000000086100000|100%| O|  |TAMS 0x0000000086100000, 0x0000000086100000| Untracked 
|  97|0x0000000086100000, 0x0000000086200000, 0x0000000086200000|100%| O|  |TAMS 0x0000000086200000, 0x0000000086200000| Untracked 
|  98|0x0000000086200000, 0x0000000086300000, 0x0000000086300000|100%| O|  |TAMS 0x0000000086300000, 0x0000000086300000| Untracked 
|  99|0x0000000086300000, 0x0000000086400000, 0x0000000086400000|100%| O|  |TAMS 0x00000000863d4e08, 0x0000000086400000| Untracked 
| 100|0x0000000086400000, 0x0000000086452c00, 0x0000000086500000| 32%| O|  |TAMS 0x0000000086400000, 0x0000000086452c00| Untracked 
| 101|0x0000000086500000, 0x0000000086500000, 0x0000000086600000|  0%| F|  |TAMS 0x0000000086500000, 0x0000000086500000| Untracked 
| 102|0x0000000086600000, 0x0000000086600000, 0x0000000086700000|  0%| F|  |TAMS 0x0000000086600000, 0x0000000086600000| Untracked 
| 103|0x0000000086700000, 0x0000000086700000, 0x0000000086800000|  0%| F|  |TAMS 0x0000000086700000, 0x0000000086700000| Untracked 
| 104|0x0000000086800000, 0x0000000086800000, 0x0000000086900000|  0%| F|  |TAMS 0x0000000086800000, 0x0000000086800000| Untracked 
| 105|0x0000000086900000, 0x0000000086900000, 0x0000000086a00000|  0%| F|  |TAMS 0x0000000086900000, 0x0000000086900000| Untracked 
| 106|0x0000000086a00000, 0x0000000086a00000, 0x0000000086b00000|  0%| F|  |TAMS 0x0000000086a00000, 0x0000000086a00000| Untracked 
| 107|0x0000000086b00000, 0x0000000086b00000, 0x0000000086c00000|  0%| F|  |TAMS 0x0000000086b00000, 0x0000000086b00000| Untracked 
| 108|0x0000000086c00000, 0x0000000086c00000, 0x0000000086d00000|  0%| F|  |TAMS 0x0000000086c00000, 0x0000000086c00000| Untracked 
| 109|0x0000000086d00000, 0x0000000086d00000, 0x0000000086e00000|  0%| F|  |TAMS 0x0000000086d00000, 0x0000000086d00000| Untracked 
| 110|0x0000000086e00000, 0x0000000086e00000, 0x0000000086f00000|  0%| F|  |TAMS 0x0000000086e00000, 0x0000000086e00000| Untracked 
| 111|0x0000000086f00000, 0x0000000086f00000, 0x0000000087000000|  0%| F|  |TAMS 0x0000000086f00000, 0x0000000086f00000| Untracked 
| 112|0x0000000087000000, 0x0000000087000000, 0x0000000087100000|  0%| F|  |TAMS 0x0000000087000000, 0x0000000087000000| Untracked 
| 113|0x0000000087100000, 0x0000000087100000, 0x0000000087200000|  0%| F|  |TAMS 0x0000000087100000, 0x0000000087100000| Untracked 
| 114|0x0000000087200000, 0x0000000087200000, 0x0000000087300000|  0%| F|  |TAMS 0x0000000087200000, 0x0000000087200000| Untracked 
| 115|0x0000000087300000, 0x0000000087300000, 0x0000000087400000|  0%| F|  |TAMS 0x0000000087300000, 0x0000000087300000| Untracked 
| 116|0x0000000087400000, 0x0000000087400000, 0x0000000087500000|  0%| F|  |TAMS 0x0000000087400000, 0x0000000087400000| Untracked 
| 117|0x0000000087500000, 0x0000000087500000, 0x0000000087600000|  0%| F|  |TAMS 0x0000000087500000, 0x0000000087500000| Untracked 
| 118|0x0000000087600000, 0x0000000087600000, 0x0000000087700000|  0%| F|  |TAMS 0x0000000087600000, 0x0000000087600000| Untracked 
| 119|0x0000000087700000, 0x0000000087700000, 0x0000000087800000|  0%| F|  |TAMS 0x0000000087700000, 0x0000000087700000| Untracked 
| 120|0x0000000087800000, 0x0000000087800000, 0x0000000087900000|  0%| F|  |TAMS 0x0000000087800000, 0x0000000087800000| Untracked 
| 121|0x0000000087900000, 0x0000000087900000, 0x0000000087a00000|  0%| F|  |TAMS 0x0000000087900000, 0x0000000087900000| Untracked 
| 122|0x0000000087a00000, 0x0000000087a00000, 0x0000000087b00000|  0%| F|  |TAMS 0x0000000087a00000, 0x0000000087a00000| Untracked 
| 123|0x0000000087b00000, 0x0000000087b70c08, 0x0000000087c00000| 44%| S|CS|TAMS 0x0000000087b00000, 0x0000000087b00000| Complete 
| 124|0x0000000087c00000, 0x0000000087d00000, 0x0000000087d00000|100%| S|CS|TAMS 0x0000000087c00000, 0x0000000087c00000| Complete 
| 125|0x0000000087d00000, 0x0000000087d00000, 0x0000000087e00000|  0%| F|  |TAMS 0x0000000087d00000, 0x0000000087d00000| Untracked 
| 126|0x0000000087e00000, 0x0000000087e00000, 0x0000000087f00000|  0%| F|  |TAMS 0x0000000087e00000, 0x0000000087e00000| Untracked 
| 127|0x0000000087f00000, 0x0000000087f00000, 0x0000000088000000|  0%| F|  |TAMS 0x0000000087f00000, 0x0000000087f00000| Untracked 

Card table byte_map: [0x000002c1955b0000,0x000002c1959b0000] _byte_map_base: 0x000002c1951b0000

Marking Bits (Prev, Next): (CMBitMap*) 0x000002c1808edde0, (CMBitMap*) 0x000002c1808edda8
 Prev Bits: [0x000002c197db0000, 0x000002c199db0000)
 Next Bits: [0x000002c195db0000, 0x000002c197db0000)

Polling page: 0x000002c180990000

Metaspace:

Usage:
  Non-class:     84.72 MB capacity,    83.23 MB ( 98%) used,     1.24 MB (  1%) free+waste,   262.25 KB ( <1%) overhead. 
      Class:     13.10 MB capacity,    12.25 MB ( 94%) used,   748.07 KB (  6%) free+waste,   121.25 KB ( <1%) overhead. 
       Both:     97.82 MB capacity,    95.48 MB ( 98%) used,     1.97 MB (  2%) free+waste,   383.50 KB ( <1%) overhead. 

Virtual space:
  Non-class space:       94.00 MB reserved,      84.75 MB ( 90%) committed 
      Class space:        1.00 GB reserved,      13.13 MB (  1%) committed 
             Both:        1.09 GB reserved,      97.88 MB (  9%) committed 

Chunk freelists:
   Non-Class:  28.00 KB
       Class:  28.00 KB
        Both:  56.00 KB

MaxMetaspaceSize: 17179869184.00 GB
CompressedClassSpaceSize: 1.00 GB

CodeHeap 'non-profiled nmethods': size=120064Kb used=5951Kb max_used=5951Kb free=114113Kb
 bounds [0x000002c18d650000, 0x000002c18dc20000, 0x000002c194b90000]
CodeHeap 'profiled nmethods': size=120000Kb used=23679Kb max_used=23679Kb free=96320Kb
 bounds [0x000002c186120000, 0x000002c187840000, 0x000002c18d650000]
CodeHeap 'non-nmethods': size=5696Kb used=2314Kb max_used=2343Kb free=3381Kb
 bounds [0x000002c185b90000, 0x000002c185e00000, 0x000002c186120000]
 total_blobs=11469 nmethods=10547 adapters=831
 compilation: disabled (not enough contiguous free space left)
              stopped_count=1, restarted_count=0
 full_count=1

Compilation events (20 events):
Event: 64.978 Thread 0x000002c19c43c000 10613       3       kotlin.reflect.jvm.internal.impl.storage.LockBasedStorageManager::createMemoizedFunctionWithNullableValues (27 bytes)
Event: 64.979 Thread 0x000002c19c43c000 nmethod 10613 0x000002c18783a210 code [0x000002c18783a440, 0x000002c18783a8d8]
Event: 64.979 Thread 0x000002c19c43c000 10614       3       kotlin.reflect.jvm.internal.impl.storage.LockBasedStorageManager::createMemoizedFunctionWithNullableValues (29 bytes)
Event: 64.979 Thread 0x000002c19c43c000 nmethod 10614 0x000002c18783aa90 code [0x000002c18783ac60, 0x000002c18783aee8]
Event: 64.979 Thread 0x000002c19c43c000 10612       3       kotlin.reflect.jvm.internal.impl.descriptors.impl.DeclarationDescriptorImpl::getName (13 bytes)
Event: 64.979 Thread 0x000002c19c43c000 nmethod 10612 0x000002c18783b010 code [0x000002c18783b1c0, 0x000002c18783b348]
Event: 64.981 Thread 0x000002c19c40f000 10615       4       java.util.Collections$1::next (25 bytes)
Event: 64.981 Thread 0x000002c19c40f000 nmethod 10615 0x000002c18dc13510 code [0x000002c18dc136a0, 0x000002c18dc13738]
Event: 64.982 Thread 0x000002c19c43c000 10616       3       kotlin.reflect.jvm.internal.impl.descriptors.impl.DeclarationDescriptorNonRootImpl::<init> (51 bytes)
Event: 64.983 Thread 0x000002c19c43c000 nmethod 10616 0x000002c18783b410 code [0x000002c18783b660, 0x000002c18783bd48]
Event: 64.984 Thread 0x000002c19c43c000 10617       3       kotlin.reflect.jvm.internal.impl.serialization.deserialization.descriptors.DeserializedAnnotations::isEmpty (10 bytes)
Event: 64.985 Thread 0x000002c19c43c000 nmethod 10617 0x000002c18783bf90 code [0x000002c18783c280, 0x000002c18783d018]
Event: 64.985 Thread 0x000002c19c43c000 10619   !   3       kotlin.reflect.jvm.internal.impl.metadata.ProtoBuf$Property::<init> (985 bytes)
Event: 64.997 Thread 0x000002c19c40f000 10629       4       java.util.ArrayList::subList (20 bytes)
Event: 64.998 Thread 0x000002c19c43c000 nmethod 10619 0x000002c18dc13810 code [0x000002c18dc14320, 0x000002c18dc1cad8]
Event: 64.998 Thread 0x000002c19c43c000 10622       3       kotlin.reflect.jvm.internal.impl.incremental.UtilsKt::record (65 bytes)
Event: 65.000 Thread 0x000002c19c43c000 nmethod 10622 0x000002c18783d510 code [0x000002c18783d920, 0x000002c18783f058]
Event: 65.000 Thread 0x000002c19c43c000 10623       3       kotlin.reflect.jvm.internal.impl.incremental.UtilsKt::recordPackageLookup (98 bytes)
Event: 65.002 Thread 0x000002c19c43c000 

Event: 65.002 Thread 0x000002c19c40f000 nmethod 10629 0x000002c18783f910 code [0x000002c18783fac0, 0x000002c18783fcd8]

GC Heap History (20 events):
Event: 61.747 GC heap before
{Heap before GC invocations=47 (full 0):
 garbage-first heap   total 131072K, used 111839K [0x0000000080000000, 0x0000000100000000)
  region size 1024K, 15 young (15360K), 2 survivors (2048K)
 Metaspace       used 90240K, capacity 92656K, committed 92800K, reserved 1130496K
  class space    used 11546K, capacity 12374K, committed 12416K, reserved 1048576K
}
Event: 61.753 GC heap after
{Heap after GC invocations=48 (full 0):
 garbage-first heap   total 131072K, used 100597K [0x0000000080000000, 0x0000000100000000)
  region size 1024K, 2 young (2048K), 2 survivors (2048K)
 Metaspace       used 90240K, capacity 92656K, committed 92800K, reserved 1130496K
  class space    used 11546K, capacity 12374K, committed 12416K, reserved 1048576K
}
Event: 62.380 GC heap before
{Heap before GC invocations=49 (full 0):
 garbage-first heap   total 131072K, used 111861K [0x0000000080000000, 0x0000000100000000)
  region size 1024K, 14 young (14336K), 2 survivors (2048K)
 Metaspace       used 90494K, capacity 92869K, committed 93056K, reserved 1130496K
  class space    used 11559K, capacity 12398K, committed 12416K, reserved 1048576K
}
Event: 62.387 GC heap after
{Heap after GC invocations=50 (full 0):
 garbage-first heap   total 131072K, used 101516K [0x0000000080000000, 0x0000000100000000)
  region size 1024K, 2 young (2048K), 2 survivors (2048K)
 Metaspace       used 90494K, capacity 92869K, committed 93056K, reserved 1130496K
  class space    used 11559K, capacity 12398K, committed 12416K, reserved 1048576K
}
Event: 63.059 GC heap before
{Heap before GC invocations=50 (full 0):
 garbage-first heap   total 131072K, used 113804K [0x0000000080000000, 0x0000000100000000)
  region size 1024K, 14 young (14336K), 2 survivors (2048K)
 Metaspace       used 92705K, capacity 95151K, committed 95488K, reserved 1132544K
  class space    used 11862K, capacity 12713K, committed 12800K, reserved 1048576K
}
Event: 63.068 GC heap after
{Heap after GC invocations=51 (full 0):
 garbage-first heap   total 131072K, used 101815K [0x0000000080000000, 0x0000000100000000)
  region size 1024K, 1 young (1024K), 1 survivors (1024K)
 Metaspace       used 92705K, capacity 95151K, committed 95488K, reserved 1132544K
  class space    used 11862K, capacity 12713K, committed 12800K, reserved 1048576K
}
Event: 63.537 GC heap before
{Heap before GC invocations=52 (full 0):
 garbage-first heap   total 131072K, used 113079K [0x0000000080000000, 0x0000000100000000)
  region size 1024K, 13 young (13312K), 1 survivors (1024K)
 Metaspace       used 93833K, capacity 96293K, committed 96512K, reserved 1132544K
  class space    used 12040K, capacity 12931K, committed 13056K, reserved 1048576K
}
Event: 63.543 GC heap after
{Heap after GC invocations=53 (full 0):
 garbage-first heap   total 131072K, used 102329K [0x0000000080000000, 0x0000000100000000)
  region size 1024K, 2 young (2048K), 2 survivors (2048K)
 Metaspace       used 93833K, capacity 96293K, committed 96512K, reserved 1132544K
  class space    used 12040K, capacity 12931K, committed 13056K, reserved 1048576K
}
Event: 63.770 GC heap before
{Heap before GC invocations=53 (full 0):
 garbage-first heap   total 131072K, used 113593K [0x0000000080000000, 0x0000000100000000)
  region size 1024K, 13 young (13312K), 2 survivors (2048K)
 Metaspace       used 94439K, capacity 96904K, committed 97024K, reserved 1132544K
  class space    used 12130K, capacity 13028K, committed 13056K, reserved 1048576K
}
Event: 63.774 GC heap after
{Heap after GC invocations=54 (full 0):
 garbage-first heap   total 131072K, used 102501K [0x0000000080000000, 0x0000000100000000)
  region size 1024K, 1 young (1024K), 1 survivors (1024K)
 Metaspace       used 94439K, capacity 96904K, committed 97024K, reserved 1132544K
  class space    used 12130K, capacity 13028K, committed 13056K, reserved 1048576K
}
Event: 64.031 GC heap before
{Heap before GC invocations=54 (full 0):
 garbage-first heap   total 131072K, used 113765K [0x0000000080000000, 0x0000000100000000)
  region size 1024K, 12 young (12288K), 1 survivors (1024K)
 Metaspace       used 95238K, capacity 97704K, committed 97920K, reserved 1134592K
  class space    used 12240K, capacity 13124K, committed 13184K, reserved 1048576K
}
Event: 64.034 GC heap after
{Heap after GC invocations=55 (full 0):
 garbage-first heap   total 131072K, used 102602K [0x0000000080000000, 0x0000000100000000)
  region size 1024K, 1 young (1024K), 1 survivors (1024K)
 Metaspace       used 95238K, capacity 97704K, committed 97920K, reserved 1134592K
  class space    used 12240K, capacity 13124K, committed 13184K, reserved 1048576K
}
Event: 64.274 GC heap before
{Heap before GC invocations=56 (full 0):
 garbage-first heap   total 131072K, used 113866K [0x0000000080000000, 0x0000000100000000)
  region size 1024K, 12 young (12288K), 1 survivors (1024K)
 Metaspace       used 96067K, capacity 98504K, committed 98816K, reserved 1134592K
  class space    used 12347K, capacity 13220K, committed 13312K, reserved 1048576K
}
Event: 64.278 GC heap after
{Heap after GC invocations=57 (full 0):
 garbage-first heap   total 131072K, used 102796K [0x0000000080000000, 0x0000000100000000)
  region size 1024K, 2 young (2048K), 2 survivors (2048K)
 Metaspace       used 96067K, capacity 98504K, committed 98816K, reserved 1134592K
  class space    used 12347K, capacity 13220K, committed 13312K, reserved 1048576K
}
Event: 64.551 GC heap before
{Heap before GC invocations=57 (full 0):
 garbage-first heap   total 131072K, used 112012K [0x0000000080000000, 0x0000000100000000)
  region size 1024K, 12 young (12288K), 2 survivors (2048K)
 Metaspace       used 96819K, capacity 99240K, committed 99456K, reserved 1134592K
  class space    used 12433K, capacity 13316K, committed 13440K, reserved 1048576K
}
Event: 64.560 GC heap after
{Heap after GC invocations=58 (full 0):
 garbage-first heap   total 131072K, used 103207K [0x0000000080000000, 0x0000000100000000)
  region size 1024K, 1 young (1024K), 1 survivors (1024K)
 Metaspace       used 96819K, capacity 99240K, committed 99456K, reserved 1134592K
  class space    used 12433K, capacity 13316K, committed 13440K, reserved 1048576K
}
Event: 64.911 GC heap before
{Heap before GC invocations=58 (full 0):
 garbage-first heap   total 131072K, used 114471K [0x0000000080000000, 0x0000000100000000)
  region size 1024K, 12 young (12288K), 1 survivors (1024K)
 Metaspace       used 97617K, capacity 100040K, committed 100224K, reserved 1136640K
  class space    used 12529K, capacity 13412K, committed 13440K, reserved 1048576K
}
Event: 64.917 GC heap after
{Heap after GC invocations=59 (full 0):
 garbage-first heap   total 131072K, used 103742K [0x0000000080000000, 0x0000000100000000)
  region size 1024K, 2 young (2048K), 2 survivors (2048K)
 Metaspace       used 97617K, capacity 100040K, committed 100224K, reserved 1136640K
  class space    used 12529K, capacity 13412K, committed 13440K, reserved 1048576K
}
Event: 65.042 GC heap before
{Heap before GC invocations=60 (full 0):
 garbage-first heap   total 131072K, used 105790K [0x0000000080000000, 0x0000000100000000)
  region size 1024K, 5 young (5120K), 2 survivors (2048K)
 Metaspace       used 97767K, capacity 100168K, committed 100224K, reserved 1142784K
  class space    used 12542K, capacity 13412K, committed 13440K, reserved 1048576K
}
Event: 65.052 GC heap after
{Heap after GC invocations=61 (full 0):
 garbage-first heap   total 131072K, used 104206K [0x0000000080000000, 0x0000000100000000)
  region size 1024K, 2 young (2048K), 2 survivors (2048K)
 Metaspace       used 97767K, capacity 100168K, committed 100224K, reserved 1142784K
  class space    used 12542K, capacity 13412K, committed 13440K, reserved 1048576K
}

Deoptimization events (20 events):
Event: 62.578 Thread 0x000002c19dbcc000 DEOPT PACKING pc=0x000002c18d682c40 sp=0x000000f6c00f4020
Event: 62.578 Thread 0x000002c19dbcc000 DEOPT UNPACKING pc=0x000002c185bb78af sp=0x000000f6c00f3fc0 mode 2
Event: 62.675 Thread 0x000002c19dbcc000 Uncommon trap: trap_request=0xffffff4d fr.pc=0x000002c18dbb77b8 relative=0x00000000000015b8
Event: 62.675 Thread 0x000002c19dbcc000 Uncommon trap: reason=unstable_if action=reinterpret pc=0x000002c18dbb77b8 method=java.util.concurrent.ConcurrentHashMap.putVal(Ljava/lang/Object;Ljava/lang/Object;Z)Ljava/lang/Object; @ 162 c2
Event: 62.675 Thread 0x000002c19dbcc000 DEOPT PACKING pc=0x000002c18dbb77b8 sp=0x000000f6c00f17e0
Event: 62.675 Thread 0x000002c19dbcc000 DEOPT UNPACKING pc=0x000002c185bb78af sp=0x000000f6c00f1778 mode 2
Event: 62.675 Thread 0x000002c19dbcc000 Uncommon trap: trap_request=0xffffff4d fr.pc=0x000002c18db13fe8 relative=0x0000000000000188
Event: 62.675 Thread 0x000002c19dbcc000 Uncommon trap: reason=unstable_if action=reinterpret pc=0x000002c18db13fe8 method=com.google.common.collect.MapMakerInternalMap$Segment.getEntry(Ljava/lang/Object;I)Lcom/google/common/collect/MapMakerInternalMap$InternalEntry; @ 63 c2
Event: 62.675 Thread 0x000002c19dbcc000 DEOPT PACKING pc=0x000002c18db13fe8 sp=0x000000f6c00f16a0
Event: 62.675 Thread 0x000002c19dbcc000 DEOPT UNPACKING pc=0x000002c185bb78af sp=0x000000f6c00f1658 mode 2
Event: 62.853 Thread 0x000002c19dbcc000 Uncommon trap: trap_request=0xffffff4d fr.pc=0x000002c18db8b388 relative=0x0000000000000368
Event: 62.853 Thread 0x000002c19dbcc000 Uncommon trap: reason=unstable_if action=reinterpret pc=0x000002c18db8b388 method=java.util.stream.StreamOpFlag.getMask(I)I @ 1 c2
Event: 62.853 Thread 0x000002c19dbcc000 DEOPT PACKING pc=0x000002c18db8b388 sp=0x000000f6c00f92d0
Event: 62.853 Thread 0x000002c19dbcc000 DEOPT UNPACKING pc=0x000002c185bb78af sp=0x000000f6c00f91c0 mode 2
Event: 63.365 Thread 0x000002c19dbcc000 DEOPT PACKING pc=0x000002c186747111 sp=0x000000f6c00f8fa0
Event: 63.365 Thread 0x000002c19dbcc000 DEOPT UNPACKING pc=0x000002c185bb76ce sp=0x000000f6c00f8478 mode 0
Event: 64.650 Thread 0x000002c19dbcc000 Uncommon trap: trap_request=0xffffff4d fr.pc=0x000002c18dc02524 relative=0x00000000000001e4
Event: 64.650 Thread 0x000002c19dbcc000 Uncommon trap: reason=unstable_if action=reinterpret pc=0x000002c18dc02524 method=kotlin.reflect.jvm.internal.impl.protobuf.CodedInputStream.readRawVarint32()I @ 10 c2
Event: 64.650 Thread 0x000002c19dbcc000 DEOPT PACKING pc=0x000002c18dc02524 sp=0x000000f6c00f5940
Event: 64.650 Thread 0x000002c19dbcc000 DEOPT UNPACKING pc=0x000002c185bb78af sp=0x000000f6c00f58c0 mode 2

Classes redefined (0 events):
No events

Internal exceptions (20 events):
Event: 52.302 Thread 0x000002c19dbcc000 Exception <a 'java/lang/ClassNotFoundException'{0x0000000087061400}: org/gradle/api/internal/tasks/DefaultSourceSetContainer_DecoratedCustomizer> (0x0000000087061400) thrown at [./src/hotspot/share/classfile/systemDictionary.cpp, line 231]
Event: 53.116 Thread 0x000002c19dbcc000 Exception <a 'sun/nio/fs/WindowsException'{0x0000000087a1d198}> (0x0000000087a1d198) thrown at [./src/hotspot/share/prims/jni.cpp, line 615]
Event: 53.116 Thread 0x000002c19dbcc000 Exception <a 'sun/nio/fs/WindowsException'{0x0000000087a1d760}> (0x0000000087a1d760) thrown at [./src/hotspot/share/prims/jni.cpp, line 615]
Event: 53.540 Thread 0x000002c19dbcc000 Exception <a 'java/lang/NullPointerException'{0x0000000087141640}> (0x0000000087141640) thrown at [./src/hotspot/share/interpreter/linkResolver.cpp, line 1440]
Event: 54.214 Thread 0x000002c19dbcc000 Implicit null exception at 0x000002c18daf706c to 0x000002c18daf8ce8
Event: 55.595 Thread 0x000002c19dbcc000 Exception <a 'java/lang/NoSuchMethodError'{0x000000008768b788}: 'int java.lang.invoke.DirectMethodHandle$Holder.invokeStatic(java.lang.Object, java.lang.Object, int, java.lang.Object)'> (0x000000008768b788) thrown at [./src/hotspot/share/interpreter/linkResolver.cpp, line 773]
Event: 55.751 Thread 0x000002c19dbcc000 Exception <a 'sun/nio/fs/WindowsException'{0x00000000875bea00}> (0x00000000875bea00) thrown at [./src/hotspot/share/prims/jni.cpp, line 615]
Event: 55.751 Thread 0x000002c19dbcc000 Exception <a 'sun/nio/fs/WindowsException'{0x00000000875bfd78}> (0x00000000875bfd78) thrown at [./src/hotspot/share/prims/jni.cpp, line 615]
Event: 55.751 Thread 0x000002c19dbcc000 Exception <a 'sun/nio/fs/WindowsException'{0x00000000875c1140}> (0x00000000875c1140) thrown at [./src/hotspot/share/prims/jni.cpp, line 615]
Event: 55.751 Thread 0x000002c19dbcc000 Exception <a 'sun/nio/fs/WindowsException'{0x00000000875c2508}> (0x00000000875c2508) thrown at [./src/hotspot/share/prims/jni.cpp, line 615]
Event: 56.500 Thread 0x000002c19dbcc000 Exception <a 'java/lang/reflect/InvocationTargetException'{0x00000000878e1108}> (0x00000000878e1108) thrown at [./src/hotspot/share/runtime/reflection.cpp, line 1247]
Event: 57.484 Thread 0x000002c19dbcc000 Implicit null exception at 0x000002c18da82765 to 0x000002c18da85344
Event: 59.821 Thread 0x000002c19dbcc000 Exception <a 'java/lang/NoSuchMethodError'{0x0000000087db6218}: 'java.lang.Object java.lang.invoke.DirectMethodHandle$Holder.invokeSpecialIFC(java.lang.Object, java.lang.Object, java.lang.Object)'> (0x0000000087db6218) thrown at [./src/hotspot/share/interpreter/linkResolver.cpp, line 773]
Event: 59.922 Thread 0x000002c1a0fd2800 Exception <a 'java/lang/NoSuchMethodError'{0x0000000087971320}: 'int java.lang.invoke.DirectMethodHandle$Holder.invokeStaticInit(java.lang.Object, java.lang.Object, java.lang.Object, java.lang.Object, java.lang.Object)'> (0x0000000087971320) thrown at [./src/hotspot/share/interpreter/linkResolver.cpp, line 773]
Event: 62.061 Thread 0x000002c19dbcc000 Exception <a 'java/lang/NoSuchMethodError'{0x0000000087861120}: 'int java.lang.invoke.DirectMethodHandle$Holder.invokeSpecialIFC(java.lang.Object, java.lang.Object, java.lang.Object)'> (0x0000000087861120) thrown at [./src/hotspot/share/interpreter/linkResolver.cpp, line 773]
Event: 62.441 Thread 0x000002c1a0fd2000 Exception <a 'java/lang/NoSuchMethodError'{0x0000000087ed3a20}: 'void java.lang.invoke.DirectMethodHandle$Holder.invokeVirtual(java.lang.Object, java.lang.Object)'> (0x0000000087ed3a20) thrown at [./src/hotspot/share/interpreter/linkResolver.cpp, line 773]
Event: 62.992 Thread 0x000002c19dbcc000 Exception <a 'java/lang/NoSuchMethodError'{0x00000000875bb108}: 'java.lang.Object java.lang.invoke.DirectMethodHandle$Holder.invokeStatic(java.lang.Object, java.lang.Object, java.lang.Object, java.lang.Object, java.lang.Object, java.lang.Object, java.lang.Object, java.lang.Object, java.lang.Object, java.lang.Object, java.lang.Object, java.lang.Object, java.lang.Object, java.lang.Object, java.lang.Object, java.lang.Object, java.lang.Object, java.lang.Object, int, java.lang.Object)'> (0x00000000875bb108) thr
Event: 62.993 Thread 0x000002c19dbcc000 Exception <a 'java/lang/NoSuchMethodError'{0x00000000875c1438}: 'java.lang.Object java.lang.invoke.DirectMethodHandle$Holder.invokeStaticInit(java.lang.Object, java.lang.Object, java.lang.Object, java.lang.Object, java.lang.Object, java.lang.Object, java.lang.Object, java.lang.Object, java.lang.Object, java.lang.Object, java.lang.Object, java.lang.Object, java.lang.Object, java.lang.Object, java.lang.Object, java.lang.Object, java.lang.Object, java.lang.Object, int, java.lang.Object)'> (0x00000000875c1438)
Event: 63.111 Thread 0x000002c19dbcc000 Exception <a 'java/lang/NoSuchMethodError'{0x0000000087fbb5f8}: 'int java.lang.invoke.DirectMethodHandle$Holder.invokeVirtual(java.lang.Object, java.lang.Object, java.lang.Object, java.lang.Object)'> (0x0000000087fbb5f8) thrown at [./src/hotspot/share/interpreter/linkResolver.cpp, line 773]
Event: 63.297 Thread 0x000002c19dbcc000 Exception <a 'java/lang/NoSuchMethodError'{0x0000000087c4a7f8}: 'java.lang.Object java.lang.invoke.DirectMethodHandle$Holder.invokeStatic(java.lang.Object, int, java.lang.Object, java.lang.Object)'> (0x0000000087c4a7f8) thrown at [./src/hotspot/share/interpreter/linkResolver.cpp, line 773]

Events (20 events):
Event: 65.022 loading class org/jetbrains/kotlin/cli/common/arguments/InternalArgument done
Event: 65.025 loading class kotlin/reflect/jvm/internal/impl/resolve/MemberComparator$NameAndTypeMemberComparator
Event: 65.025 loading class kotlin/reflect/jvm/internal/impl/resolve/MemberComparator$NameAndTypeMemberComparator done
Event: 65.027 loading class kotlin/reflect/jvm/internal/impl/builtins/jvm/JvmBuiltIns$Settings
Event: 65.027 loading class kotlin/reflect/jvm/internal/impl/builtins/jvm/JvmBuiltIns$Settings done
Event: 65.031 loading class kotlin/reflect/jvm/internal/impl/descriptors/runtime/structure/ReflectJavaClass$innerClassNames$1
Event: 65.031 loading class kotlin/reflect/jvm/internal/impl/descriptors/runtime/structure/ReflectJavaClass$innerClassNames$1 done
Event: 65.032 loading class kotlin/reflect/jvm/internal/impl/descriptors/runtime/structure/ReflectJavaClass$innerClassNames$2
Event: 65.032 loading class kotlin/reflect/jvm/internal/impl/descriptors/runtime/structure/ReflectJavaClass$innerClassNames$2 done
Event: 65.034 loading class kotlin/reflect/jvm/internal/impl/serialization/deserialization/SuspendFunctionTypeUtilKt
Event: 65.034 loading class kotlin/reflect/jvm/internal/impl/serialization/deserialization/SuspendFunctionTypeUtilKt done
Event: 65.034 loading class kotlin/reflect/jvm/internal/impl/serialization/deserialization/descriptors/DeserializedSimpleFunctionDescriptor
Event: 65.034 loading class kotlin/reflect/jvm/internal/impl/serialization/deserialization/descriptors/DeserializedSimpleFunctionDescriptor done
Event: 65.035 loading class kotlin/reflect/jvm/internal/impl/descriptors/impl/SimpleFunctionDescriptorImpl
Event: 65.035 loading class kotlin/reflect/jvm/internal/impl/descriptors/impl/SimpleFunctionDescriptorImpl done
Event: 65.040 loading class kotlin/reflect/jvm/internal/impl/builtins/jvm/CloneableClassScope
Event: 65.040 loading class kotlin/reflect/jvm/internal/impl/builtins/jvm/CloneableClassScope done
Event: 65.040 loading class kotlin/reflect/jvm/internal/impl/resolve/scopes/GivenFunctionsMemberScope
Event: 65.040 loading class kotlin/reflect/jvm/internal/impl/resolve/scopes/GivenFunctionsMemberScope done
Event: 65.042 Executing VM operation: CollectForMetadataAllocation


Dynamic libraries:
0x00007ff7fad90000 - 0x00007ff7fad9a000 	C:\Program Files\Android\Android Studio1\jre\bin\java.exe
0x00007ffad21f0000 - 0x00007ffad23e5000 	C:\WINDOWS\SYSTEM32\ntdll.dll
0x00007ffad17a0000 - 0x00007ffad185e000 	C:\WINDOWS\System32\KERNEL32.DLL
0x00007ffacf970000 - 0x00007ffacfc39000 	C:\WINDOWS\System32\KERNELBASE.dll
0x00007ffad0000000 - 0x00007ffad0100000 	C:\WINDOWS\System32\ucrtbase.dll
0x00007ffaab4b0000 - 0x00007ffaab4c9000 	C:\Program Files\Android\Android Studio1\jre\bin\jli.dll
0x00007ffad1d80000 - 0x00007ffad1f21000 	C:\WINDOWS\System32\USER32.dll
0x00007ffacfc90000 - 0x00007ffacfcb2000 	C:\WINDOWS\System32\win32u.dll
0x00007ffad1a60000 - 0x00007ffad1a8b000 	C:\WINDOWS\System32\GDI32.dll
0x00007ffaa8e20000 - 0x00007ffaa8e37000 	C:\Program Files\Android\Android Studio1\jre\bin\VCRUNTIME140.dll
0x00007ffacfcc0000 - 0x00007ffacfdcb000 	C:\WINDOWS\System32\gdi32full.dll
0x00007ffacff60000 - 0x00007ffacfffd000 	C:\WINDOWS\System32\msvcp_win.dll
0x00007ffac0980000 - 0x00007ffac0c1a000 	C:\WINDOWS\WinSxS\amd64_microsoft.windows.common-controls_6595b64144ccf1df_6.0.19041.1110_none_60b5254171f9507e\COMCTL32.dll
0x00007ffad16f0000 - 0x00007ffad178e000 	C:\WINDOWS\System32\msvcrt.dll
0x00007ffad05c0000 - 0x00007ffad05f0000 	C:\WINDOWS\System32\IMM32.DLL
0x00007ffa8a660000 - 0x00007ffa8a6fd000 	C:\Program Files\Android\Android Studio1\jre\bin\msvcp140.dll
0x00007ffa7cdc0000 - 0x00007ffa7d88f000 	C:\Program Files\Android\Android Studio1\jre\bin\server\jvm.dll
0x00007ffad1b40000 - 0x00007ffad1bec000 	C:\WINDOWS\System32\ADVAPI32.dll
0x00007ffad0520000 - 0x00007ffad05bb000 	C:\WINDOWS\System32\sechost.dll
0x00007ffad15a0000 - 0x00007ffad16ca000 	C:\WINDOWS\System32\RPCRT4.dll
0x00007ffad1790000 - 0x00007ffad1798000 	C:\WINDOWS\System32\PSAPI.DLL
0x00007ffacd110000 - 0x00007ffacd119000 	C:\WINDOWS\SYSTEM32\WSOCK32.dll
0x00007ffad1d10000 - 0x00007ffad1d7b000 	C:\WINDOWS\System32\WS2_32.dll
0x00007ffac77b0000 - 0x00007ffac77d7000 	C:\WINDOWS\SYSTEM32\WINMM.dll
0x00007ffac95a0000 - 0x00007ffac95aa000 	C:\WINDOWS\SYSTEM32\VERSION.dll
0x00007ffacd810000 - 0x00007ffacd822000 	C:\WINDOWS\SYSTEM32\kernel.appcore.dll
0x00007ffaca280000 - 0x00007ffaca291000 	C:\Program Files\Android\Android Studio1\jre\bin\verify.dll
0x00007ffaccf00000 - 0x00007ffacd0e4000 	C:\WINDOWS\SYSTEM32\DBGHELP.DLL
0x00007ffab8ec0000 - 0x00007ffab8eec000 	C:\WINDOWS\SYSTEM32\dbgcore.DLL
0x00007ffad0100000 - 0x00007ffad0183000 	C:\WINDOWS\System32\bcryptPrimitives.dll
0x00007ffac8de0000 - 0x00007ffac8e09000 	C:\Program Files\Android\Android Studio1\jre\bin\java.dll
0x00007ffacba20000 - 0x00007ffacba2b000 	C:\Program Files\Android\Android Studio1\jre\bin\jimage.dll
0x00007ffac9aa0000 - 0x00007ffac9ab8000 	C:\Program Files\Android\Android Studio1\jre\bin\zip.dll
0x00007ffad0e60000 - 0x00007ffad159f000 	C:\WINDOWS\System32\SHELL32.dll
0x00007ffacda10000 - 0x00007fface1a0000 	C:\WINDOWS\SYSTEM32\windows.storage.dll
0x00007ffad05f0000 - 0x00007ffad0945000 	C:\WINDOWS\System32\combase.dll
0x00007ffacf360000 - 0x00007ffacf38c000 	C:\WINDOWS\SYSTEM32\Wldp.dll
0x00007ffad1a90000 - 0x00007ffad1b3e000 	C:\WINDOWS\System32\SHCORE.dll
0x00007ffad0310000 - 0x00007ffad0365000 	C:\WINDOWS\System32\shlwapi.dll
0x00007ffacf850000 - 0x00007ffacf86f000 	C:\WINDOWS\SYSTEM32\profapi.dll
0x00007ffac1330000 - 0x00007ffac134a000 	C:\Program Files\Android\Android Studio1\jre\bin\net.dll
0x00007ffac1480000 - 0x00007ffac1588000 	C:\WINDOWS\SYSTEM32\WINHTTP.dll
0x00007ffacf0c0000 - 0x00007ffacf12a000 	C:\WINDOWS\system32\mswsock.dll
0x00007ffac1310000 - 0x00007ffac1324000 	C:\Program Files\Android\Android Studio1\jre\bin\nio.dll
0x00007ffaca5b0000 - 0x00007ffaca5d7000 	C:\Users\65965\.gradle\native\8bec1ad78214c89d9ad589b4d07fe93259594b29d510b10fafb7a158f7737e5d\windows-amd64\native-platform.dll
0x00007ffa9d5a0000 - 0x00007ffa9d6dd000 	C:\Users\65965\.gradle\native\53dbd7edfb1c66fb8903c78663c9afc45aea4f116125fa6feffd364cf09443e8\windows-amd64\native-platform-file-events.dll
0x00007ffacac20000 - 0x00007ffacac2a000 	C:\Program Files\Android\Android Studio1\jre\bin\management.dll
0x00007ffaca790000 - 0x00007ffaca79c000 	C:\Program Files\Android\Android Studio1\jre\bin\management_ext.dll
0x00007ffacf2b0000 - 0x00007ffacf2c8000 	C:\WINDOWS\SYSTEM32\CRYPTSP.dll
0x00007fface9d0000 - 0x00007ffacea04000 	C:\WINDOWS\system32\rsaenh.dll
0x00007ffacff30000 - 0x00007ffacff57000 	C:\WINDOWS\System32\bcrypt.dll
0x00007ffacf7d0000 - 0x00007ffacf7fe000 	C:\WINDOWS\SYSTEM32\USERENV.dll
0x00007ffacf2d0000 - 0x00007ffacf2dc000 	C:\WINDOWS\SYSTEM32\CRYPTBASE.dll
0x00007ffaced60000 - 0x00007ffaced9b000 	C:\WINDOWS\SYSTEM32\IPHLPAPI.DLL
0x00007ffad16d0000 - 0x00007ffad16d8000 	C:\WINDOWS\System32\NSI.dll
0x00007ffac71e0000 - 0x00007ffac71f7000 	C:\WINDOWS\SYSTEM32\dhcpcsvc6.DLL
0x00007ffac7e70000 - 0x00007ffac7e8d000 	C:\WINDOWS\SYSTEM32\dhcpcsvc.DLL
0x00007ffaceda0000 - 0x00007ffacee6c000 	C:\WINDOWS\SYSTEM32\DNSAPI.dll

dbghelp: loaded successfully - version: 4.0.5 - missing functions: none
symbol engine: initialized successfully - sym options: 0x614 - pdb path: .;C:\Program Files\Android\Android Studio1\jre\bin;C:\WINDOWS\SYSTEM32;C:\WINDOWS\WinSxS\amd64_microsoft.windows.common-controls_6595b64144ccf1df_6.0.19041.1110_none_60b5254171f9507e;C:\Program Files\Android\Android Studio1\jre\bin\server;C:\Users\65965\.gradle\native\8bec1ad78214c89d9ad589b4d07fe93259594b29d510b10fafb7a158f7737e5d\windows-amd64;C:\Users\65965\.gradle\native\53dbd7edfb1c66fb8903c78663c9afc45aea4f116125fa6feffd364cf09443e8\windows-amd64

VM Arguments:
jvm_args: --add-opens=java.base/java.util=ALL-UNNAMED --add-opens=java.base/java.lang=ALL-UNNAMED --add-opens=java.base/java.lang.invoke=ALL-UNNAMED --add-opens=java.base/java.util=ALL-UNNAMED --add-opens=java.prefs/java.util.prefs=ALL-UNNAMED --add-opens=java.prefs/java.util.prefs=ALL-UNNAMED --add-opens=java.base/java.nio.charset=ALL-UNNAMED --add-opens=java.base/java.net=ALL-UNNAMED --add-opens=java.base/java.util.concurrent.atomic=ALL-UNNAMED -Xmx2048m -Dfile.encoding=UTF-8 -Duser.country=US -Duser.language=en -Duser.variant 
java_command: org.gradle.launcher.daemon.bootstrap.GradleDaemon 7.0.2
java_class_path (initial): C:\Users\65965\.gradle\wrapper\dists\gradle-7.0.2-bin\857tjihv64xamwrf0h14cai3r\gradle-7.0.2\lib\gradle-launcher-7.0.2.jar
Launcher Type: SUN_STANDARD

[Global flags]
     intx CICompilerCount                          = 3                                         {product} {ergonomic}
     uint ConcGCThreads                            = 1                                         {product} {ergonomic}
     uint G1ConcRefinementThreads                  = 4                                         {product} {ergonomic}
   size_t G1HeapRegionSize                         = 1048576                                   {product} {ergonomic}
    uintx GCDrainStackTargetSize                   = 64                                        {product} {ergonomic}
   size_t InitialHeapSize                          = 134217728                                 {product} {ergonomic}
   size_t MarkStackSize                            = 4194304                                   {product} {ergonomic}
   size_t MaxHeapSize                              = 2147483648                                {product} {command line}
   size_t MaxNewSize                               = 1287651328                                {product} {ergonomic}
   size_t MinHeapDeltaBytes                        = 1048576                                   {product} {ergonomic}
    uintx NonNMethodCodeHeapSize                   = 5830732                                {pd product} {ergonomic}
    uintx NonProfiledCodeHeapSize                  = 122913754                              {pd product} {ergonomic}
    uintx ProfiledCodeHeapSize                     = 122913754                              {pd product} {ergonomic}
    uintx ReservedCodeCacheSize                    = 251658240                              {pd product} {ergonomic}
     bool SegmentedCodeCache                       = true                                      {product} {ergonomic}
     bool UseCompressedClassPointers               = true                                 {lp64_product} {ergonomic}
     bool UseCompressedOops                        = true                                 {lp64_product} {ergonomic}
     bool UseG1GC                                  = true                                      {product} {ergonomic}
     bool UseLargePagesIndividualAllocation        = false                                  {pd product} {ergonomic}

Logging:
Log output configuration:
 #0: stdout all=warning uptime,level,tags
 #1: stderr all=off uptime,level,tags

Environment Variables:
PATH=C:\Program Files (x86)\Intel\iCLS Client\;C:\Program Files\Intel\iCLS Client\;C:\Windows\system32;C:\Windows;C:\Windows\System32\Wbem;C:\Windows\System32\WindowsPowerShell\v1.0\;C:\Program Files (x86)\Intel\Intel(R) Management Engine Components\DAL;C:\Program Files\Intel\Intel(R) Management Engine Components\DAL;C:\Program Files (x86)\Intel\Intel(R) Management Engine Components\IPT;C:\Program Files\Intel\Intel(R) Management Engine Components\IPT;C:\Program Files (x86)\NVIDIA Corporation\PhysX\Common;C:\Program Files\Intel\WiFi\bin\;C:\Program Files\Common Files\Intel\WirelessCommon\;C:\WINDOWS\system32;C:\WINDOWS;C:\WINDOWS\System32\Wbem;C:\WINDOWS\System32\WindowsPowerShell\v1.0\;C:\WINDOWS\System32\OpenSSH\;D:\xampp\php;C:\composer;C:\Program Files\nodejs\;D:\Git\cmd;C:\Users\65965\AppData\Local\Microsoft\WindowsApps;C:\Users\65965\AppData\Local\Programs\Microsoft VS Code\bin;D:\xampp\php;C:\Users\65965\AppData\Roaming\Composer\vendor\bin;C:\Users\65965\AppData\Roaming\npm;D:\PyCharm 2021.1.1\bin;;D:\PyCharm Community Edition 2021.1.1\bin;;
USERNAME=user
OS=Windows_NT
PROCESSOR_IDENTIFIER=Intel64 Family 6 Model 78 Stepping 3, GenuineIntel



---------------  S Y S T E M  ---------------

OS: Windows 10 , 64 bit Build 19041 (10.0.19041.1202)
OS uptime: 1 days 3:43 hours

CPU:total 4 (initial active 4) (2 cores per cpu, 2 threads per core) family 6 model 78 stepping 3 microcode 0xcc, cmov, cx8, fxsr, mmx, sse, sse2, sse3, ssse3, sse4.1, sse4.2, popcnt, avx, avx2, aes, clmul, erms, 3dnowpref, lzcnt, ht, tsc, tscinvbit, bmi1, bmi2, adx, fma

Memory: 4k page, system-wide physical 8092M (359M free)
TotalPageFile size 26892M (AvailPageFile size 201M)
current process WorkingSet (physical memory assigned to process): 378M, peak: 378M
current process commit charge ("private bytes"): 406M, peak: 407M

vm_info: OpenJDK 64-Bit Server VM (11.0.10+0-b96-7249189) for windows-amd64 JRE (11.0.10+0-b96-7249189), built on Mar 31 2021 21:44:00 by "builder" with MS VC++ 14.0 (VS2015)

END.
